<?xml version="1.0" encoding="UTF-8"?>
<!-- Generated by org.testng.reporters.JUnitReportReporter -->
<testsuite hostname="E530c1-PC" name="ozone.AppTest" tests="1" failures="0" timestamp="22 Sep 2015 15:44:25 GMT" time="0.002" errors="0">
  <testcase name="testApp" time="0.002" classname="ozone.AppTest"/>
</testsuite> <!-- ozone.AppTest -->
